Added Component: Designator=C1(CAP_0603_0.1uF)
Add component (AddParameter): Name = "Dielectric"; Value = "X7R"; VariantName = "[No Variations]"
Add component (AddParameter): Name = "Manufacturer"; Value = "KEMET"; VariantName = "[No Variations]"
Add component (AddParameter): Name = "Max Operating Temperature"; Value = "125"; VariantName = "[No Variations]"
Add component (AddParameter): Name = "Min Operating Temperature"; Value = "-55"; VariantName = "[No Variations]"
Add component (AddParameter): Name = "Mount"; Value = "SMT"; VariantName = "[No Variations]"
Add component (AddParameter): Name = "Number of Pins"; Value = "2"; VariantName = "[No Variations]"
Add component (AddParameter): Name = "Package"; Value = "0603"; VariantName = "[No Variations]"
Add component (AddParameter): Name = "Part Number"; Value = "399-C0603C104K5RAC7867DKR-ND"; VariantName = "[No Variations]"
Add component (AddParameter): Name = "Tolerance"; Value = "±10%"; VariantName = "[No Variations]"
Add component (AddParameter): Name = "Type"; Value = "Конденсатор керамічний"; VariantName = "[No Variations]"
Add component (AddParameter): Name = "Value"; Value = "0.1мкФ"; VariantName = "[No Variations]"
Add component (AddParameter): Name = "Voltage"; Value = "50В"; VariantName = "[No Variations]"
Added Component: Designator=C2(CAP_0603_0.1uF)
Add component (AddParameter): Name = "Dielectric"; Value = "X7R"; VariantName = "[No Variations]"
Add component (AddParameter): Name = "Manufacturer"; Value = "KEMET"; VariantName = "[No Variations]"
Add component (AddParameter): Name = "Max Operating Temperature"; Value = "125"; VariantName = "[No Variations]"
Add component (AddParameter): Name = "Min Operating Temperature"; Value = "-55"; VariantName = "[No Variations]"
Add component (AddParameter): Name = "Mount"; Value = "SMT"; VariantName = "[No Variations]"
Add component (AddParameter): Name = "Number of Pins"; Value = "2"; VariantName = "[No Variations]"
Add component (AddParameter): Name = "Package"; Value = "0603"; VariantName = "[No Variations]"
Add component (AddParameter): Name = "Part Number"; Value = "399-C0603C104K5RAC7867DKR-ND"; VariantName = "[No Variations]"
Add component (AddParameter): Name = "Tolerance"; Value = "±10%"; VariantName = "[No Variations]"
Add component (AddParameter): Name = "Type"; Value = "Конденсатор керамічний"; VariantName = "[No Variations]"
Add component (AddParameter): Name = "Value"; Value = "0.1мкФ"; VariantName = "[No Variations]"
Add component (AddParameter): Name = "Voltage"; Value = "50В"; VariantName = "[No Variations]"
Added Component: Designator=C3(CAP_0603_100pF)
Add component (AddParameter): Name = "Dielectric"; Value = "X7R"; VariantName = "[No Variations]"
Add component (AddParameter): Name = "Manufacturer"; Value = "KEMET"; VariantName = "[No Variations]"
Add component (AddParameter): Name = "Max Operating Temperature"; Value = "125"; VariantName = "[No Variations]"
Add component (AddParameter): Name = "Min Operating Temperature"; Value = "-55"; VariantName = "[No Variations]"
Add component (AddParameter): Name = "Mount"; Value = "SMT"; VariantName = "[No Variations]"
Add component (AddParameter): Name = "Number of Pins"; Value = "2"; VariantName = "[No Variations]"
Add component (AddParameter): Name = "Package"; Value = "0603"; VariantName = "[No Variations]"
Add component (AddParameter): Name = "Part Number"; Value = "399-C0603C101K5GAC7867DKR-ND"; VariantName = "[No Variations]"
Add component (AddParameter): Name = "Tolerance"; Value = "±10%"; VariantName = "[No Variations]"
Add component (AddParameter): Name = "Type"; Value = "Конденсатор керамічний"; VariantName = "[No Variations]"
Add component (AddParameter): Name = "Value"; Value = "100пФ"; VariantName = "[No Variations]"
Add component (AddParameter): Name = "Voltage"; Value = "50В"; VariantName = "[No Variations]"
Added Component: Designator=C4(CAP_0603_100pF)
Add component (AddParameter): Name = "Dielectric"; Value = "X7R"; VariantName = "[No Variations]"
Add component (AddParameter): Name = "Manufacturer"; Value = "KEMET"; VariantName = "[No Variations]"
Add component (AddParameter): Name = "Max Operating Temperature"; Value = "125"; VariantName = "[No Variations]"
Add component (AddParameter): Name = "Min Operating Temperature"; Value = "-55"; VariantName = "[No Variations]"
Add component (AddParameter): Name = "Mount"; Value = "SMT"; VariantName = "[No Variations]"
Add component (AddParameter): Name = "Number of Pins"; Value = "2"; VariantName = "[No Variations]"
Add component (AddParameter): Name = "Package"; Value = "0603"; VariantName = "[No Variations]"
Add component (AddParameter): Name = "Part Number"; Value = "399-C0603C101K5GAC7867DKR-ND"; VariantName = "[No Variations]"
Add component (AddParameter): Name = "Tolerance"; Value = "±10%"; VariantName = "[No Variations]"
Add component (AddParameter): Name = "Type"; Value = "Конденсатор керамічний"; VariantName = "[No Variations]"
Add component (AddParameter): Name = "Value"; Value = "100пФ"; VariantName = "[No Variations]"
Add component (AddParameter): Name = "Voltage"; Value = "50В"; VariantName = "[No Variations]"
Added Component: Designator=C5(CAP_0603_0.1uF)
Add component (AddParameter): Name = "Dielectric"; Value = "X7R"; VariantName = "[No Variations]"
Add component (AddParameter): Name = "Manufacturer"; Value = "KEMET"; VariantName = "[No Variations]"
Add component (AddParameter): Name = "Max Operating Temperature"; Value = "125"; VariantName = "[No Variations]"
Add component (AddParameter): Name = "Min Operating Temperature"; Value = "-55"; VariantName = "[No Variations]"
Add component (AddParameter): Name = "Mount"; Value = "SMT"; VariantName = "[No Variations]"
Add component (AddParameter): Name = "Number of Pins"; Value = "2"; VariantName = "[No Variations]"
Add component (AddParameter): Name = "Package"; Value = "0603"; VariantName = "[No Variations]"
Add component (AddParameter): Name = "Part Number"; Value = "399-C0603C104K5RAC7867DKR-ND"; VariantName = "[No Variations]"
Add component (AddParameter): Name = "Tolerance"; Value = "±10%"; VariantName = "[No Variations]"
Add component (AddParameter): Name = "Type"; Value = "Конденсатор керамічний"; VariantName = "[No Variations]"
Add component (AddParameter): Name = "Value"; Value = "0.1мкФ"; VariantName = "[No Variations]"
Add component (AddParameter): Name = "Voltage"; Value = "50В"; VariantName = "[No Variations]"
Added Component: Designator=C6(CAP_0603_10nF)
Add component (AddParameter): Name = "Dielectric"; Value = "X7R"; VariantName = "[No Variations]"
Add component (AddParameter): Name = "Manufacturer"; Value = "KEMET"; VariantName = "[No Variations]"
Add component (AddParameter): Name = "Max Operating Temperature"; Value = "125"; VariantName = "[No Variations]"
Add component (AddParameter): Name = "Min Operating Temperature"; Value = "-55"; VariantName = "[No Variations]"
Add component (AddParameter): Name = "Mount"; Value = "SMT"; VariantName = "[No Variations]"
Add component (AddParameter): Name = "Number of Pins"; Value = "2"; VariantName = "[No Variations]"
Add component (AddParameter): Name = "Package"; Value = "0603"; VariantName = "[No Variations]"
Add component (AddParameter): Name = "Part Number"; Value = "399-C0603C103K5RAC7867DKR-ND"; VariantName = "[No Variations]"
Add component (AddParameter): Name = "Tolerance"; Value = "±10%"; VariantName = "[No Variations]"
Add component (AddParameter): Name = "Type"; Value = "Конденсатор керамічний"; VariantName = "[No Variations]"
Add component (AddParameter): Name = "Value"; Value = "10нФ"; VariantName = "[No Variations]"
Add component (AddParameter): Name = "Voltage"; Value = "50В"; VariantName = "[No Variations]"
Added Component: Designator=C7(CAP_0603_10nF)
Add component (AddParameter): Name = "Dielectric"; Value = "X7R"; VariantName = "[No Variations]"
Add component (AddParameter): Name = "Manufacturer"; Value = "KEMET"; VariantName = "[No Variations]"
Add component (AddParameter): Name = "Max Operating Temperature"; Value = "125"; VariantName = "[No Variations]"
Add component (AddParameter): Name = "Min Operating Temperature"; Value = "-55"; VariantName = "[No Variations]"
Add component (AddParameter): Name = "Mount"; Value = "SMT"; VariantName = "[No Variations]"
Add component (AddParameter): Name = "Number of Pins"; Value = "2"; VariantName = "[No Variations]"
Add component (AddParameter): Name = "Package"; Value = "0603"; VariantName = "[No Variations]"
Add component (AddParameter): Name = "Part Number"; Value = "399-C0603C103K5RAC7867DKR-ND"; VariantName = "[No Variations]"
Add component (AddParameter): Name = "Tolerance"; Value = "±10%"; VariantName = "[No Variations]"
Add component (AddParameter): Name = "Type"; Value = "Конденсатор керамічний"; VariantName = "[No Variations]"
Add component (AddParameter): Name = "Value"; Value = "10нФ"; VariantName = "[No Variations]"
Add component (AddParameter): Name = "Voltage"; Value = "50В"; VariantName = "[No Variations]"
Added Component: Designator=D1(ADL5906SCPZN-R7)
Add component (AddParameter): Name = "Manufacturer"; Value = "Analog Devices Inc."; VariantName = "[No Variations]"
Add component (AddParameter): Name = "Max Operating Temperature"; Value = "+85°C"; VariantName = "[No Variations]"
Add component (AddParameter): Name = "Min Operating Temperature"; Value = "0°C"; VariantName = "[No Variations]"
Add component (AddParameter): Name = "Mount"; Value = "SMT"; VariantName = "[No Variations]"
Add component (AddParameter): Name = "Number of Pins"; Value = "16"; VariantName = "[No Variations]"
Add component (AddParameter): Name = "Package"; Value = "16-WQFN Exposed Pad"; VariantName = "[No Variations]"
Add component (AddParameter): Name = "Part Number"; Value = "ADL5906SCPZN-R7"; VariantName = "[No Variations]"
Add component (AddParameter): Name = "Type"; Value = ""; VariantName = "[No Variations]"
Added Component: Designator=FID1(FIDUCIAL 1mm)
Add component (AddParameter): Name = "Component Function"; Value = ""; VariantName = "[No Variations]"
Add component (AddParameter): Name = "Value"; Value = "Fiducial"; VariantName = "[No Variations]"
Added Component: Designator=FID2(FIDUCIAL 1mm)
Add component (AddParameter): Name = "Component Function"; Value = ""; VariantName = "[No Variations]"
Add component (AddParameter): Name = "Value"; Value = "Fiducial"; VariantName = "[No Variations]"
Added Component: Designator=FID3(FIDUCIAL 1mm)
Add component (AddParameter): Name = "Component Function"; Value = ""; VariantName = "[No Variations]"
Add component (AddParameter): Name = "Value"; Value = "Fiducial"; VariantName = "[No Variations]"
Added Component: Designator=MH1(Mounting Hole M3)
Added Component: Designator=MH2(Mounting Hole M3)
Added Component: Designator=MH3(Mounting Hole M3)
Added Component: Designator=MH4(Mounting Hole M3)
Added Component: Designator=R1(RES_0603 0Ohm)
Add component (AddParameter): Name = "Manufacturer"; Value = "Stackpole Electronics Inc"; VariantName = "[No Variations]"
Add component (AddParameter): Name = "Max Operating Temperature"; Value = "+155°C"; VariantName = "[No Variations]"
Add component (AddParameter): Name = "Min Operating Temperature"; Value = "-55°C"; VariantName = "[No Variations]"
Add component (AddParameter): Name = "Mount"; Value = "SMT"; VariantName = "[No Variations]"
Add component (AddParameter): Name = "Number of Pins"; Value = "2"; VariantName = "[No Variations]"
Add component (AddParameter): Name = "Package"; Value = "0603"; VariantName = "[No Variations]"
Add component (AddParameter): Name = "Part Number"; Value = "RMCF0603ZT0R00DKR-ND"; VariantName = "[No Variations]"
Add component (AddParameter): Name = "Power Rating"; Value = "1/10 Вт"; VariantName = "[No Variations]"
Add component (AddParameter): Name = "Tolerance"; Value = "±1%"; VariantName = "[No Variations]"
Add component (AddParameter): Name = "Type"; Value = "Резистор"; VariantName = "[No Variations]"
Add component (AddParameter): Name = "Value"; Value = "0Ом"; VariantName = "[No Variations]"
Added Component: Designator=R2(RES_0603 0Ohm)
Add component (AddParameter): Name = "Manufacturer"; Value = "Stackpole Electronics Inc"; VariantName = "[No Variations]"
Add component (AddParameter): Name = "Max Operating Temperature"; Value = "+155°C"; VariantName = "[No Variations]"
Add component (AddParameter): Name = "Min Operating Temperature"; Value = "-55°C"; VariantName = "[No Variations]"
Add component (AddParameter): Name = "Mount"; Value = "SMT"; VariantName = "[No Variations]"
Add component (AddParameter): Name = "Number of Pins"; Value = "2"; VariantName = "[No Variations]"
Add component (AddParameter): Name = "Package"; Value = "0603"; VariantName = "[No Variations]"
Add component (AddParameter): Name = "Part Number"; Value = "RMCF0603ZT0R00DKR-ND"; VariantName = "[No Variations]"
Add component (AddParameter): Name = "Power Rating"; Value = "1/10 Вт"; VariantName = "[No Variations]"
Add component (AddParameter): Name = "Tolerance"; Value = "±1%"; VariantName = "[No Variations]"
Add component (AddParameter): Name = "Type"; Value = "Резистор"; VariantName = "[No Variations]"
Add component (AddParameter): Name = "Value"; Value = "0Ом"; VariantName = "[No Variations]"
Added Component: Designator=R3(RES_0603 0Ohm)
Add component (AddParameter): Name = "Manufacturer"; Value = "Stackpole Electronics Inc"; VariantName = "[No Variations]"
Add component (AddParameter): Name = "Max Operating Temperature"; Value = "+155°C"; VariantName = "[No Variations]"
Add component (AddParameter): Name = "Min Operating Temperature"; Value = "-55°C"; VariantName = "[No Variations]"
Add component (AddParameter): Name = "Mount"; Value = "SMT"; VariantName = "[No Variations]"
Add component (AddParameter): Name = "Number of Pins"; Value = "2"; VariantName = "[No Variations]"
Add component (AddParameter): Name = "Package"; Value = "0603"; VariantName = "[No Variations]"
Add component (AddParameter): Name = "Part Number"; Value = "RMCF0603ZT0R00DKR-ND"; VariantName = "[No Variations]"
Add component (AddParameter): Name = "Power Rating"; Value = "1/10 Вт"; VariantName = "[No Variations]"
Add component (AddParameter): Name = "Tolerance"; Value = "±1%"; VariantName = "[No Variations]"
Add component (AddParameter): Name = "Type"; Value = "Резистор"; VariantName = "[No Variations]"
Add component (AddParameter): Name = "Value"; Value = "0Ом"; VariantName = "[No Variations]"
Added Component: Designator=R4(RES_0603 0Ohm)
Add component (AddParameter): Name = "Manufacturer"; Value = "Stackpole Electronics Inc"; VariantName = "[No Variations]"
Add component (AddParameter): Name = "Max Operating Temperature"; Value = "+155°C"; VariantName = "[No Variations]"
Add component (AddParameter): Name = "Min Operating Temperature"; Value = "-55°C"; VariantName = "[No Variations]"
Add component (AddParameter): Name = "Mount"; Value = "SMT"; VariantName = "[No Variations]"
Add component (AddParameter): Name = "Number of Pins"; Value = "2"; VariantName = "[No Variations]"
Add component (AddParameter): Name = "Package"; Value = "0603"; VariantName = "[No Variations]"
Add component (AddParameter): Name = "Part Number"; Value = "RMCF0603ZT0R00DKR-ND"; VariantName = "[No Variations]"
Add component (AddParameter): Name = "Power Rating"; Value = "1/10 Вт"; VariantName = "[No Variations]"
Add component (AddParameter): Name = "Tolerance"; Value = "±1%"; VariantName = "[No Variations]"
Add component (AddParameter): Name = "Type"; Value = "Резистор"; VariantName = "[No Variations]"
Add component (AddParameter): Name = "Value"; Value = "0Ом"; VariantName = "[No Variations]"
Added Component: Designator=R5(RES_0603 1.5kOhm)
Add component (AddParameter): Name = "Manufacturer"; Value = "Stackpole Electronics Inc"; VariantName = "[No Variations]"
Add component (AddParameter): Name = "Max Operating Temperature"; Value = "+155°C"; VariantName = "[No Variations]"
Add component (AddParameter): Name = "Min Operating Temperature"; Value = "-55°C"; VariantName = "[No Variations]"
Add component (AddParameter): Name = "Mount"; Value = "SMT"; VariantName = "[No Variations]"
Add component (AddParameter): Name = "Number of Pins"; Value = "2"; VariantName = "[No Variations]"
Add component (AddParameter): Name = "Package"; Value = "0603"; VariantName = "[No Variations]"
Add component (AddParameter): Name = "Part Number"; Value = "RMCF0603FT1K50DKR-ND"; VariantName = "[No Variations]"
Add component (AddParameter): Name = "Power Rating"; Value = "1/10 Вт"; VariantName = "[No Variations]"
Add component (AddParameter): Name = "Tolerance"; Value = "±1%"; VariantName = "[No Variations]"
Add component (AddParameter): Name = "Type"; Value = "Резистор"; VariantName = "[No Variations]"
Add component (AddParameter): Name = "Value"; Value = "1.5кОм"; VariantName = "[No Variations]"
Added Component: Designator=R6(RES_0603 60.4Ohm)
Add component (AddParameter): Name = "Manufacturer"; Value = "Stackpole Electronics Inc"; VariantName = "[No Variations]"
Add component (AddParameter): Name = "Max Operating Temperature"; Value = "+155°C"; VariantName = "[No Variations]"
Add component (AddParameter): Name = "Min Operating Temperature"; Value = "-55°C"; VariantName = "[No Variations]"
Add component (AddParameter): Name = "Mount"; Value = "SMT"; VariantName = "[No Variations]"
Add component (AddParameter): Name = "Number of Pins"; Value = "2"; VariantName = "[No Variations]"
Add component (AddParameter): Name = "Package"; Value = "0603"; VariantName = "[No Variations]"
Add component (AddParameter): Name = "Part Number"; Value = "RMCF0603FT60R4DKR-ND"; VariantName = "[No Variations]"
Add component (AddParameter): Name = "Power Rating"; Value = "1/10 Вт"; VariantName = "[No Variations]"
Add component (AddParameter): Name = "Tolerance"; Value = "±1%"; VariantName = "[No Variations]"
Add component (AddParameter): Name = "Type"; Value = "Резистор"; VariantName = "[No Variations]"
Add component (AddParameter): Name = "Value"; Value = "60.4Ом"; VariantName = "[No Variations]"
Added Component: Designator=R7(RES_0603 3.74kOhm)
Add component (AddParameter): Name = "Manufacturer"; Value = "Stackpole Electronics Inc"; VariantName = "[No Variations]"
Add component (AddParameter): Name = "Max Operating Temperature"; Value = "+155°C"; VariantName = "[No Variations]"
Add component (AddParameter): Name = "Min Operating Temperature"; Value = "-55°C"; VariantName = "[No Variations]"
Add component (AddParameter): Name = "Mount"; Value = "SMT"; VariantName = "[No Variations]"
Add component (AddParameter): Name = "Number of Pins"; Value = "2"; VariantName = "[No Variations]"
Add component (AddParameter): Name = "Package"; Value = "0603"; VariantName = "[No Variations]"
Add component (AddParameter): Name = "Part Number"; Value = "RMCF0603FT60R4DKR-ND"; VariantName = "[No Variations]"
Add component (AddParameter): Name = "Power Rating"; Value = "1/10 Вт"; VariantName = "[No Variations]"
Add component (AddParameter): Name = "Tolerance"; Value = "±1%"; VariantName = "[No Variations]"
Add component (AddParameter): Name = "Type"; Value = "Резистор"; VariantName = "[No Variations]"
Add component (AddParameter): Name = "Value"; Value = "3.74кОм"; VariantName = "[No Variations]"
Added Component: Designator=R8(RES_0603 2kOhm)
Add component (AddParameter): Name = "Manufacturer"; Value = "Stackpole Electronics Inc"; VariantName = "[No Variations]"
Add component (AddParameter): Name = "Max Operating Temperature"; Value = "+155°C"; VariantName = "[No Variations]"
Add component (AddParameter): Name = "Min Operating Temperature"; Value = "-55°C"; VariantName = "[No Variations]"
Add component (AddParameter): Name = "Mount"; Value = "SMT"; VariantName = "[No Variations]"
Add component (AddParameter): Name = "Number of Pins"; Value = "2"; VariantName = "[No Variations]"
Add component (AddParameter): Name = "Package"; Value = "0603"; VariantName = "[No Variations]"
Add component (AddParameter): Name = "Part Number"; Value = "RMCF0603FT2K00DKR-ND"; VariantName = "[No Variations]"
Add component (AddParameter): Name = "Power Rating"; Value = "1/10 Вт"; VariantName = "[No Variations]"
Add component (AddParameter): Name = "Tolerance"; Value = "±1%"; VariantName = "[No Variations]"
Add component (AddParameter): Name = "Type"; Value = "Резистор"; VariantName = "[No Variations]"
Add component (AddParameter): Name = "Value"; Value = "2кОм"; VariantName = "[No Variations]"
Added Component: Designator=R9(RES_0603 270Ohm)
Add component (AddParameter): Name = "Manufacturer"; Value = "Stackpole Electronics Inc"; VariantName = "[No Variations]"
Add component (AddParameter): Name = "Max Operating Temperature"; Value = "+155°C"; VariantName = "[No Variations]"
Add component (AddParameter): Name = "Min Operating Temperature"; Value = "-55°C"; VariantName = "[No Variations]"
Add component (AddParameter): Name = "Mount"; Value = "SMT"; VariantName = "[No Variations]"
Add component (AddParameter): Name = "Number of Pins"; Value = "2"; VariantName = "[No Variations]"
Add component (AddParameter): Name = "Package"; Value = "0603"; VariantName = "[No Variations]"
Add component (AddParameter): Name = "Part Number"; Value = "RMCF0603FT270RDKR-ND"; VariantName = "[No Variations]"
Add component (AddParameter): Name = "Power Rating"; Value = "1/10 Вт"; VariantName = "[No Variations]"
Add component (AddParameter): Name = "Tolerance"; Value = "±1%"; VariantName = "[No Variations]"
Add component (AddParameter): Name = "Type"; Value = "Резистор"; VariantName = "[No Variations]"
Add component (AddParameter): Name = "Value"; Value = "270Ом"; VariantName = "[No Variations]"
Added Component: Designator=TP1(TEST POINT ORANGE)
Add component (AddParameter): Name = "Component Function"; Value = ""; VariantName = "[No Variations]"
Add component (AddParameter): Name = "Value"; Value = "Test point"; VariantName = "[No Variations]"
Added Component: Designator=TP2(TEST POINT BLACK)
Add component (AddParameter): Name = "Component Function"; Value = ""; VariantName = "[No Variations]"
Add component (AddParameter): Name = "Value"; Value = "Test point"; VariantName = "[No Variations]"
Added Component: Designator=TP3(TEST POINT BLACK)
Add component (AddParameter): Name = "Component Function"; Value = ""; VariantName = "[No Variations]"
Add component (AddParameter): Name = "Value"; Value = "Test point"; VariantName = "[No Variations]"
Added Component: Designator=TP4(TEST POINT BLACK)
Add component (AddParameter): Name = "Component Function"; Value = ""; VariantName = "[No Variations]"
Add component (AddParameter): Name = "Value"; Value = "Test point"; VariantName = "[No Variations]"
Added Component: Designator=TP5(TEST POINT BLACK)
Add component (AddParameter): Name = "Component Function"; Value = ""; VariantName = "[No Variations]"
Add component (AddParameter): Name = "Value"; Value = "Test point"; VariantName = "[No Variations]"
Added Component: Designator=TP6(TEST POINT BLACK)
Add component (AddParameter): Name = "Component Function"; Value = ""; VariantName = "[No Variations]"
Add component (AddParameter): Name = "Value"; Value = "Test point"; VariantName = "[No Variations]"
Added Component: Designator=TP7(TEST POINT BLACK)
Add component (AddParameter): Name = "Component Function"; Value = ""; VariantName = "[No Variations]"
Add component (AddParameter): Name = "Value"; Value = "Test point"; VariantName = "[No Variations]"
Added Component: Designator=TP8(TEST POINT BLACK)
Add component (AddParameter): Name = "Component Function"; Value = ""; VariantName = "[No Variations]"
Add component (AddParameter): Name = "Value"; Value = "Test point"; VariantName = "[No Variations]"
Added Component: Designator=XW1(EMPCB.SMAFSTJ.B.HT)
Add component (AddParameter): Name = "Manufacturer"; Value = "Taoglas Limited"; VariantName = "[No Variations]"
Add component (AddParameter): Name = "Mated With"; Value = ""; VariantName = "[No Variations]"
Add component (AddParameter): Name = "Max Operating Temperature"; Value = "+85°C"; VariantName = "[No Variations]"
Add component (AddParameter): Name = "Min Operating Temperature"; Value = "-40°C"; VariantName = "[No Variations]"
Add component (AddParameter): Name = "Mount"; Value = "SMT"; VariantName = "[No Variations]"
Add component (AddParameter): Name = "Number of Pins"; Value = "2"; VariantName = "[No Variations]"
Add component (AddParameter): Name = "Part Number"; Value = "EMPCB.SMAFSTJ.B.HT"; VariantName = "[No Variations]"
Add component (AddParameter): Name = "Type"; Value = "Female Socket"; VariantName = "[No Variations]"
Added Component: Designator=XW2(EMPCB.SMAFSTJ.B.HT)
Add component (AddParameter): Name = "Manufacturer"; Value = "Taoglas Limited"; VariantName = "[No Variations]"
Add component (AddParameter): Name = "Mated With"; Value = ""; VariantName = "[No Variations]"
Add component (AddParameter): Name = "Max Operating Temperature"; Value = "+85°C"; VariantName = "[No Variations]"
Add component (AddParameter): Name = "Min Operating Temperature"; Value = "-40°C"; VariantName = "[No Variations]"
Add component (AddParameter): Name = "Mount"; Value = "SMT"; VariantName = "[No Variations]"
Add component (AddParameter): Name = "Number of Pins"; Value = "2"; VariantName = "[No Variations]"
Add component (AddParameter): Name = "Part Number"; Value = "EMPCB.SMAFSTJ.B.HT"; VariantName = "[No Variations]"
Add component (AddParameter): Name = "Type"; Value = "Female Socket"; VariantName = "[No Variations]"
Added Pin To Net: NetName=GND Pin=C1-1
Added Pin To Net: NetName=GND Pin=C2-1
Added Pin To Net: NetName=GND Pin=C3-1
Added Pin To Net: NetName=GND Pin=C4-1
Added Pin To Net: NetName=GND Pin=C5-1
Added Pin To Net: NetName=GND Pin=C6-1
Added Pin To Net: NetName=GND Pin=D1-4
Added Pin To Net: NetName=GND Pin=D1-9
Added Pin To Net: NetName=GND Pin=MH1-1
Added Pin To Net: NetName=GND Pin=MH2-1
Added Pin To Net: NetName=GND Pin=MH3-1
Added Pin To Net: NetName=GND Pin=MH4-1
Added Pin To Net: NetName=GND Pin=R1-1
Added Pin To Net: NetName=GND Pin=R4-1
Added Pin To Net: NetName=GND Pin=R6-2
Added Pin To Net: NetName=GND Pin=R8-2
Added Pin To Net: NetName=GND Pin=R9-1
Added Pin To Net: NetName=GND Pin=TP3-1
Added Pin To Net: NetName=GND Pin=XW1-2
Added Pin To Net: NetName=GND Pin=XW2-2
Added Net: Name=GND
Added Pin To Net: NetName=NetC1_2 Pin=C1-2
Added Pin To Net: NetName=NetC1_2 Pin=C2-2
Added Pin To Net: NetName=NetC1_2 Pin=C3-2
Added Pin To Net: NetName=NetC1_2 Pin=C4-2
Added Pin To Net: NetName=NetC1_2 Pin=D1-3
Added Pin To Net: NetName=NetC1_2 Pin=D1-10
Added Pin To Net: NetName=NetC1_2 Pin=TP1-1
Added Net: Name=NetC1_2
Added Pin To Net: NetName=NetC5_2 Pin=C5-2
Added Pin To Net: NetName=NetC5_2 Pin=D1-5
Added Net: Name=NetC5_2
Added Pin To Net: NetName=NetC6_2 Pin=C6-2
Added Pin To Net: NetName=NetC6_2 Pin=D1-15
Added Net: Name=NetC6_2
Added Pin To Net: NetName=NetC7_1 Pin=C7-1
Added Pin To Net: NetName=NetC7_1 Pin=R6-1
Added Pin To Net: NetName=NetC7_1 Pin=XW2-1
Added Net: Name=NetC7_1
Added Pin To Net: NetName=NetC7_2 Pin=C7-2
Added Pin To Net: NetName=NetC7_2 Pin=D1-14
Added Net: Name=NetC7_2
Added Pin To Net: NetName=NetD1_1 Pin=D1-1
Added Pin To Net: NetName=NetD1_1 Pin=R5-2
Added Pin To Net: NetName=NetD1_1 Pin=R9-2
Added Pin To Net: NetName=NetD1_1 Pin=TP6-1
Added Net: Name=NetD1_1
Added Pin To Net: NetName=NetD1_6 Pin=D1-6
Added Pin To Net: NetName=NetD1_6 Pin=R2-2
Added Pin To Net: NetName=NetD1_6 Pin=R3-1
Added Net: Name=NetD1_6
Added Pin To Net: NetName=NetD1_7 Pin=D1-7
Added Pin To Net: NetName=NetD1_7 Pin=R3-2
Added Pin To Net: NetName=NetD1_7 Pin=R4-2
Added Pin To Net: NetName=NetD1_7 Pin=TP5-1
Added Net: Name=NetD1_7
Added Pin To Net: NetName=NetD1_8 Pin=D1-8
Added Pin To Net: NetName=NetD1_8 Pin=TP4-1
Added Net: Name=NetD1_8
Added Pin To Net: NetName=NetD1_11 Pin=D1-11
Added Pin To Net: NetName=NetD1_11 Pin=R5-1
Added Pin To Net: NetName=NetD1_11 Pin=R7-2
Added Pin To Net: NetName=NetD1_11 Pin=TP7-1
Added Net: Name=NetD1_11
Added Pin To Net: NetName=NetD1_12 Pin=D1-12
Added Pin To Net: NetName=NetD1_12 Pin=R7-1
Added Pin To Net: NetName=NetD1_12 Pin=R8-1
Added Pin To Net: NetName=NetD1_12 Pin=TP8-1
Added Net: Name=NetD1_12
Added Pin To Net: NetName=NetR1_2 Pin=R1-2
Added Pin To Net: NetName=NetR1_2 Pin=R2-1
Added Pin To Net: NetName=NetR1_2 Pin=TP2-1
Added Pin To Net: NetName=NetR1_2 Pin=XW1-1
Added Net: Name=NetR1_2
Added Class: Name=lab1
Added Room: Name=lab1
